<?xml version="1.0" encoding="UTF-8"?>
<!-- Generated by org.testng.reporters.JUnitXMLReporter -->
<testsuite hostname="Mohit" ignored="0" name="ExtentTest" tests="1" failures="1" timestamp="15 Mar 2020 10:53:36 GMT" time="21.041" errors="0">
  <testcase name="feature" time="20.623" classname="TestRunner.Runner">
    <failure type="java.lang.AssertionError" message="expected [Youtube] but found [YouTube]">
      <![CDATA[java.lang.AssertionError: expected [Youtube] but found [YouTube]
at StepDefinition.CommonSteps.open_Youtube_and_verify_the_title(CommonSteps.java:24)
at ✽.Open Youtube and verify the title(src/main/java/Feature/Login.feature:7)
... Removed 6 stack frames]]>
    </failure>
  </testcase> <!-- feature -->
</testsuite> <!-- ExtentTest -->
