<?xml version="1.0" encoding="UTF-8"?>
<!-- Generated by org.testng.reporters.JUnitReportReporter -->
<testsuite skipped="0" hostname="Mohit" name="TestRunner.Runner" tests="1" failures="1" timestamp="15 Mar 2020 10:53:36 GMT" time="20.625" errors="0">
  <testcase name="feature" time="20.625" classname="TestRunner.Runner">
    <failure type="java.lang.AssertionError" message="expected [Youtube] but found [YouTube]">
      <![CDATA[java.lang.AssertionError: expected [Youtube] but found [YouTube]
at org.testng.Assert.fail(Assert.java:96)
at org.testng.Assert.failNotEquals(Assert.java:776)
at org.testng.Assert.assertEqualsImpl(Assert.java:137)
at org.testng.Assert.assertEquals(Assert.java:118)
at org.testng.Assert.assertEquals(Assert.java:453)
at org.testng.Assert.assertEquals(Assert.java:463)
at StepDefinition.CommonSteps.open_Youtube_and_verify_the_title(CommonSteps.java:24)
at ✽.Open Youtube and verify the title(src/main/java/Feature/Login.feature:7)
]]>
    </failure>
  </testcase> <!-- feature -->
</testsuite> <!-- TestRunner.Runner -->
